<?xml version="1.0" encoding="UTF-8"?>
<!-- Generated by org.testng.reporters.JUnitXMLReporter -->
<testsuite hostname="welcome-PC" ignored="2" name="Command line test" tests="1" failures="0" timestamp="2020-07-10T15:18:26 IST" time="4.748" errors="0">
  <testcase name="loginAsBankManager" time="4.367" classname="testcases.BankManagerLoginTest"/>
  <testcase name="@BeforeSuite setUp" time="0.0" classname="base.BaseTest">
    <ignored/>
  </testcase> <!-- @BeforeSuite setUp -->
  <testcase name="@BeforeSuite setUp" time="0.0" classname="base.BaseTest">
    <ignored/>
  </testcase> <!-- @BeforeSuite setUp -->
</testsuite> <!-- Command line test -->
