<?xml version="1.0" encoding="UTF-8"?>
<testng-results skipped="0" failed="0" ignored="2" total="3" passed="1">
  <reporter-output>
  </reporter-output>
  <suite name="Command line suite" duration-ms="4748" started-at="2020-07-10T15:18:21 IST" finished-at="2020-07-10T15:18:25 IST">
    <groups>
    </groups>
    <test name="Command line test" duration-ms="4748" started-at="2020-07-10T15:18:21 IST" finished-at="2020-07-10T15:18:25 IST">
      <class name="base.BaseTest">
        <test-method status="PASS" signature="setUp()[pri:0, instance:base.BaseTest@36b4fe2a]" name="setUp" is-config="true" duration-ms="65698" started-at="2020-07-10T15:17:15 IST" finished-at="2020-07-10T15:18:21 IST">
          <reporter-output>
          </reporter-output>
        </test-method> <!-- setUp -->
      </class> <!-- base.BaseTest -->
      <class name="testcases.BankManagerLoginTest">
        <test-method status="PASS" signature="loginAsBankManager()[pri:0, instance:testcases.BankManagerLoginTest@574b560f]" name="loginAsBankManager" duration-ms="4367" started-at="2020-07-10T15:18:21 IST" finished-at="2020-07-10T15:18:25 IST">
          <reporter-output>
          </reporter-output>
        </test-method> <!-- loginAsBankManager -->
      </class> <!-- testcases.BankManagerLoginTest -->
    </test> <!-- Command line test -->
  </suite> <!-- Command line suite -->
</testng-results>
